\BOOKMARK [1][-]{section.1}{Introduction}{}% 1
\BOOKMARK [1][-]{section.2}{Crime\040Dataset\040and\040Previous\040Results}{}% 2
\BOOKMARK [2][-]{subsection.2.1}{The\040American\040Crime\040Dataset}{section.2}% 3
\BOOKMARK [2][-]{subsection.2.2}{Mini-Project\0401\040Results}{section.2}% 4
\BOOKMARK [2][-]{subsection.2.3}{Regression\040Tree\040Analysis}{section.2}% 5
\BOOKMARK [2][-]{subsection.2.4}{Boosting\040and\040Random\040Forest}{section.2}% 6
\BOOKMARK [2][-]{subsection.2.5}{Remarks}{section.2}% 7
\BOOKMARK [1][-]{section.3}{The\040Combinatorial\040Drug\04020\040Efficacy\040Data}{}% 8
\BOOKMARK [2][-]{subsection.3.1}{Data\040Description}{section.3}% 9
\BOOKMARK [2][-]{subsection.3.2}{Tree-based\040Model\040Analysis}{section.3}% 10
\BOOKMARK [3][-]{subsubsection.3.2.1}{Regression\040Tree}{subsection.3.2}% 11
\BOOKMARK [3][-]{subsubsection.3.2.2}{Bagging\040and\040Random\040Forest}{subsection.3.2}% 12
\BOOKMARK [3][-]{subsubsection.3.2.3}{Boosting}{subsection.3.2}% 13
\BOOKMARK [3][-]{subsubsection.3.2.4}{Comparison\040with\040Linear\040Model}{subsection.3.2}% 14
\BOOKMARK [2][-]{subsection.3.3}{Results\040and\040Discussion}{section.3}% 15
\BOOKMARK [1][-]{section.4}{Results\040of\040Binary\040OneDrug}{}% 16
\BOOKMARK [2][-]{subsection.4.1}{Data\040Description}{section.4}% 17
\BOOKMARK [2][-]{subsection.4.2}{Results\040on\040Validation\040Set}{section.4}% 18
\BOOKMARK [2][-]{subsection.4.3}{Results\040on\040Test\040Set:\040Kaggle\040Competition}{section.4}% 19
\BOOKMARK [1][-]{section.5}{Conclusion}{}% 20
